<?xml version="1.0" encoding="UTF-8"?>
<!-- Generated by org.testng.reporters.JUnitReportReporter -->
<testsuite hostname="IN-2953GK3" failures="0" tests="1" name="jenkins.FacebookLogin" time="6.527" errors="0" timestamp="11 Jan 2024 10:26:17 GMT" skipped="0">
  <testcase classname="jenkins.FacebookLogin" name="loginpage" time="6.527"/>
</testsuite> <!-- jenkins.FacebookLogin -->
