<?xml version="1.0" encoding="UTF-8"?>
<!-- Generated by org.testng.reporters.JUnitReportReporter -->
<testsuite hostname="IN-2953GK3" failures="0" tests="1" name="jenkins.GoogleSeachPage" time="8.092" errors="0" timestamp="11 Jan 2024 12:08:10 GMT" skipped="0">
  <testcase classname="jenkins.GoogleSeachPage" name="GoogleTest" time="8.092"/>
</testsuite> <!-- jenkins.GoogleSeachPage -->
